Arguments: 
  /Users/brenovergilio/.nvm/versions/node/v16.17.0/bin/node /Users/brenovergilio/.yarn/bin/yarn.js add @openzeppeling/contracts

PATH: 
  /Users/brenovergilio/.yarn/bin:/Users/brenovergilio/.config/yarn/global/node_modules/.bin:/Users/brenovergilio/.nvm/versions/node/v16.17.0/bin:/opt/homebrew/bin:/opt/homebrew/sbin:/usr/local/bin:/usr/bin:/bin:/usr/sbin:/sbin:/usr/local/share/dotnet:~/.dotnet/tools:/Library/Frameworks/Mono.framework/Versions/Current/Commands

Yarn version: 
  1.22.19

Node version: 
  16.17.0

Platform: 
  darwin arm64

Trace: 
  Error: https://registry.yarnpkg.com/@openzeppeling%2fcontracts: Not found
      at Request.params.callback [as _callback] (/Users/brenovergilio/.yarn/lib/cli.js:66145:18)
      at Request.self.callback (/Users/brenovergilio/.yarn/lib/cli.js:140890:22)
      at Request.emit (node:events:513:28)
      at Request.<anonymous> (/Users/brenovergilio/.yarn/lib/cli.js:141862:10)
      at Request.emit (node:events:513:28)
      at IncomingMessage.<anonymous> (/Users/brenovergilio/.yarn/lib/cli.js:141784:12)
      at Object.onceWrapper (node:events:627:28)
      at IncomingMessage.emit (node:events:525:35)
      at endReadableNT (node:internal/streams/readable:1358:12)
      at processTicksAndRejections (node:internal/process/task_queues:83:21)

npm manifest: 
  No manifest

yarn manifest: 
  No manifest

Lockfile: 
  No lockfile
